<?xml version="1.0" encoding="UTF-8"?>
<robot generator="Robot 3.1.2 (Python 3.6.2 on win32)" generated="20230708 14:45:27.546" rpa="false">
<suite id="s1" name="RobotProject1" source="C:\Users\jain_\Anu_Practice\Eclipse_workspaces\RobotProject1">
<suite id="s1-s1" name="Test" source="C:\Users\jain_\Anu_Practice\Eclipse_workspaces\RobotProject1\Test">
<suite id="s1-s1-s1" name="TestSuite Smoke" source="C:\Users\jain_\Anu_Practice\Eclipse_workspaces\RobotProject1\Test\TestSuite_Smoke.robot">
<kw name="Log" library="BuiltIn" type="setup">
<doc>Logs the given message with the given level.</doc>
<arguments>
<arg>Entering ${SUITE_NAME}</arg>
</arguments>
<msg timestamp="20230708 14:45:27.896" level="INFO">Entering RobotProject1.Test.TestSuite Smoke</msg>
<status status="PASS" starttime="20230708 14:45:27.894" endtime="20230708 14:45:27.896"></status>
</kw>
<test id="s1-s1-s1-t1" name="Test1">
<kw name="Log" library="BuiltIn" type="setup">
<doc>Logs the given message with the given level.</doc>
<arguments>
<arg>Entering test</arg>
</arguments>
<msg timestamp="20230708 14:45:27.899" level="INFO">Entering test</msg>
<status status="PASS" starttime="20230708 14:45:27.898" endtime="20230708 14:45:27.899"></status>
</kw>
<kw name="Log To Console" library="BuiltIn">
<doc>Logs the given message to the console.</doc>
<arguments>
<arg>Hello World...</arg>
</arguments>
<status status="PASS" starttime="20230708 14:45:27.900" endtime="20230708 14:45:27.900"></status>
</kw>
<kw name="Log" library="BuiltIn" type="teardown">
<doc>Logs the given message with the given level.</doc>
<arguments>
<arg>Finishing test</arg>
</arguments>
<msg timestamp="20230708 14:45:27.901" level="INFO">Finishing test</msg>
<status status="PASS" starttime="20230708 14:45:27.900" endtime="20230708 14:45:27.901"></status>
</kw>
<tags>
<tag>Smoke</tag>
</tags>
<status status="PASS" starttime="20230708 14:45:27.897" endtime="20230708 14:45:27.901" critical="yes"></status>
</test>
<test id="s1-s1-s1-t2" name="SeleniumTest">
<kw name="Log" library="BuiltIn" type="setup">
<doc>Logs the given message with the given level.</doc>
<arguments>
<arg>Entering test</arg>
</arguments>
<msg timestamp="20230708 14:45:27.904" level="INFO">Entering test</msg>
<status status="PASS" starttime="20230708 14:45:27.903" endtime="20230708 14:45:27.904"></status>
</kw>
<kw name="Open Browser" library="SeleniumLibrary">
<doc>Opens a new browser instance to the given ``url``.</doc>
<arguments>
<arg>${URL}</arg>
<arg>chrome</arg>
</arguments>
<msg timestamp="20230708 14:45:27.906" level="INFO">Opening browser 'chrome' to base url 'https://opensource-demo.orangehrmlive.com/web/index.php/auth/login'.</msg>
<status status="PASS" starttime="20230708 14:45:27.905" endtime="20230708 14:45:35.167"></status>
</kw>
<kw name="Close Browser" library="SeleniumLibrary">
<doc>Closes the current browser.</doc>
<status status="PASS" starttime="20230708 14:45:35.168" endtime="20230708 14:45:37.291"></status>
</kw>
<kw name="Log" library="BuiltIn" type="teardown">
<doc>Logs the given message with the given level.</doc>
<arguments>
<arg>Finishing test</arg>
</arguments>
<msg timestamp="20230708 14:45:37.292" level="INFO">Finishing test</msg>
<status status="PASS" starttime="20230708 14:45:37.292" endtime="20230708 14:45:37.293"></status>
</kw>
<tags>
<tag>Smoke</tag>
</tags>
<status status="PASS" starttime="20230708 14:45:27.902" endtime="20230708 14:45:37.293" critical="yes"></status>
</test>
<test id="s1-s1-s1-t3" name="LoginTest">
<kw name="GoToURL" type="setup">
<kw name="Open Browser" library="SeleniumLibrary">
<doc>Opens a new browser instance to the given ``url``.</doc>
<arguments>
<arg>${URL}</arg>
<arg>chrome</arg>
</arguments>
<msg timestamp="20230708 14:45:37.297" level="INFO">Opening browser 'chrome' to base url 'https://opensource-demo.orangehrmlive.com/web/index.php/auth/login'.</msg>
<status status="PASS" starttime="20230708 14:45:37.296" endtime="20230708 14:45:44.601"></status>
</kw>
<status status="PASS" starttime="20230708 14:45:37.295" endtime="20230708 14:45:44.602"></status>
</kw>
<kw name="Set Browser Implicit Wait" library="SeleniumLibrary">
<doc>Sets the implicit wait value used by Selenium.</doc>
<arguments>
<arg>5</arg>
</arguments>
<status status="PASS" starttime="20230708 14:45:44.602" endtime="20230708 14:45:44.604"></status>
</kw>
<kw name="Input Text" library="SeleniumLibrary">
<doc>Types the given ``text`` into text field identified by ``locator``.</doc>
<arguments>
<arg>name:username</arg>
<arg>&amp;{CRED}[uname]</arg>
</arguments>
<msg timestamp="20230708 14:45:44.606" level="INFO">Typing text 'Admin' into text field 'name:username'.</msg>
<status status="PASS" starttime="20230708 14:45:44.605" endtime="20230708 14:45:45.443"></status>
</kw>
<kw name="Input Password" library="SeleniumLibrary">
<doc>Types the given password into text field identified by ``locator``.</doc>
<arguments>
<arg>name:password</arg>
<arg>&amp;{CRED}[pwd]</arg>
</arguments>
<msg timestamp="20230708 14:45:45.444" level="INFO">Typing password into text field 'name:password'.</msg>
<status status="PASS" starttime="20230708 14:45:45.444" endtime="20230708 14:45:45.595"></status>
</kw>
<kw name="Click Button" library="SeleniumLibrary">
<doc>Clicks button identified by ``locator``.</doc>
<arguments>
<arg>xpath://div[@class='orangehrm-login-form']//button</arg>
</arguments>
<msg timestamp="20230708 14:45:45.596" level="INFO">Clicking button 'xpath://div[@class='orangehrm-login-form']//button'.</msg>
<status status="PASS" starttime="20230708 14:45:45.595" endtime="20230708 14:45:46.788"></status>
</kw>
<kw name="Log" library="BuiltIn">
<doc>Logs the given message with the given level.</doc>
<arguments>
<arg>${TEST_NAME} Completed</arg>
</arguments>
<msg timestamp="20230708 14:45:46.789" level="INFO">LoginTest Completed</msg>
<status status="PASS" starttime="20230708 14:45:46.789" endtime="20230708 14:45:46.790"></status>
</kw>
<kw name="Close All Browsers" library="SeleniumLibrary">
<doc>Closes all open browsers and resets the browser cache.</doc>
<status status="PASS" starttime="20230708 14:45:46.790" endtime="20230708 14:45:48.944"></status>
</kw>
<kw name="Log" library="BuiltIn" type="teardown">
<doc>Logs the given message with the given level.</doc>
<arguments>
<arg>Finishing test</arg>
</arguments>
<msg timestamp="20230708 14:45:48.946" level="INFO">Finishing test</msg>
<status status="PASS" starttime="20230708 14:45:48.945" endtime="20230708 14:45:48.946"></status>
</kw>
<doc>Testing login</doc>
<tags>
<tag>Smoke</tag>
</tags>
<status status="PASS" starttime="20230708 14:45:37.294" endtime="20230708 14:45:48.946" critical="yes"></status>
</test>
<test id="s1-s1-s1-t4" name="MyFirstTest">
<kw name="Log" library="BuiltIn" type="setup">
<doc>Logs the given message with the given level.</doc>
<arguments>
<arg>Entering test</arg>
</arguments>
<msg timestamp="20230708 14:45:48.950" level="INFO">Entering test</msg>
<status status="PASS" starttime="20230708 14:45:48.949" endtime="20230708 14:45:48.950"></status>
</kw>
<kw name="Log" library="BuiltIn">
<doc>Logs the given message with the given level.</doc>
<arguments>
<arg>I'm in ${TEST_NAME}</arg>
</arguments>
<msg timestamp="20230708 14:45:48.951" level="INFO">I'm in MyFirstTest</msg>
<status status="PASS" starttime="20230708 14:45:48.950" endtime="20230708 14:45:48.951"></status>
</kw>
<kw name="Set Tags" library="BuiltIn">
<doc>Adds given ``tags`` for the current test or all tests in a suite.</doc>
<arguments>
<arg>Regression</arg>
</arguments>
<msg timestamp="20230708 14:45:48.952" level="INFO">Set tag 'Regression'.</msg>
<status status="PASS" starttime="20230708 14:45:48.951" endtime="20230708 14:45:48.952"></status>
</kw>
<kw name="Log" library="BuiltIn" type="teardown">
<doc>Logs the given message with the given level.</doc>
<arguments>
<arg>Finishing test</arg>
</arguments>
<msg timestamp="20230708 14:45:48.953" level="INFO">Finishing test</msg>
<status status="PASS" starttime="20230708 14:45:48.952" endtime="20230708 14:45:48.953"></status>
</kw>
<tags>
<tag>Regression</tag>
<tag>Sanity</tag>
</tags>
<status status="PASS" starttime="20230708 14:45:48.947" endtime="20230708 14:45:48.953" critical="yes"></status>
</test>
<test id="s1-s1-s1-t5" name="MySecTest">
<kw name="Log" library="BuiltIn" type="setup">
<doc>Logs the given message with the given level.</doc>
<arguments>
<arg>Entering test</arg>
</arguments>
<msg timestamp="20230708 14:45:48.955" level="INFO">Entering test</msg>
<status status="PASS" starttime="20230708 14:45:48.955" endtime="20230708 14:45:48.955"></status>
</kw>
<kw name="Log" library="BuiltIn">
<doc>Logs the given message with the given level.</doc>
<arguments>
<arg>I'm in ${TEST_NAME}</arg>
</arguments>
<msg timestamp="20230708 14:45:48.958" level="INFO">I'm in MySecTest</msg>
<status status="PASS" starttime="20230708 14:45:48.957" endtime="20230708 14:45:48.958"></status>
</kw>
<kw name="Set Tags" library="BuiltIn">
<doc>Adds given ``tags`` for the current test or all tests in a suite.</doc>
<arguments>
<arg>Regression</arg>
</arguments>
<msg timestamp="20230708 14:45:48.959" level="INFO">Set tag 'Regression'.</msg>
<status status="PASS" starttime="20230708 14:45:48.959" endtime="20230708 14:45:48.959"></status>
</kw>
<kw name="Remove Tags" library="BuiltIn">
<doc>Removes given ``tags`` from the current test or all tests in a suite.</doc>
<arguments>
<arg>Smoke</arg>
</arguments>
<msg timestamp="20230708 14:45:48.960" level="INFO">Removed tag 'Smoke'.</msg>
<status status="PASS" starttime="20230708 14:45:48.960" endtime="20230708 14:45:48.961"></status>
</kw>
<kw name="Log" library="BuiltIn" type="teardown">
<doc>Logs the given message with the given level.</doc>
<arguments>
<arg>Finishing test</arg>
</arguments>
<msg timestamp="20230708 14:45:48.961" level="INFO">Finishing test</msg>
<status status="PASS" starttime="20230708 14:45:48.961" endtime="20230708 14:45:48.961"></status>
</kw>
<tags>
<tag>Regression</tag>
</tags>
<status status="PASS" starttime="20230708 14:45:48.954" endtime="20230708 14:45:48.962" critical="yes"></status>
</test>
<test id="s1-s1-s1-t6" name="MyThirdTest">
<kw name="Log" library="BuiltIn" type="setup">
<doc>Logs the given message with the given level.</doc>
<arguments>
<arg>Entering test</arg>
</arguments>
<msg timestamp="20230708 14:45:48.963" level="INFO">Entering test</msg>
<status status="PASS" starttime="20230708 14:45:48.963" endtime="20230708 14:45:48.964"></status>
</kw>
<kw name="Log" library="BuiltIn">
<doc>Logs the given message with the given level.</doc>
<arguments>
<arg>I'm in ${TEST_NAME}</arg>
</arguments>
<msg timestamp="20230708 14:45:48.965" level="INFO">I'm in MyThirdTest</msg>
<status status="PASS" starttime="20230708 14:45:48.964" endtime="20230708 14:45:48.965"></status>
</kw>
<kw name="Log" library="BuiltIn" type="teardown">
<doc>Logs the given message with the given level.</doc>
<arguments>
<arg>Finishing test</arg>
</arguments>
<msg timestamp="20230708 14:45:48.966" level="INFO">Finishing test</msg>
<status status="PASS" starttime="20230708 14:45:48.966" endtime="20230708 14:45:48.966"></status>
</kw>
<tags>
<tag>Smoke</tag>
</tags>
<status status="PASS" starttime="20230708 14:45:48.962" endtime="20230708 14:45:48.967" critical="yes"></status>
</test>
<kw name="Log" library="BuiltIn" type="teardown">
<doc>Logs the given message with the given level.</doc>
<arguments>
<arg>Finishing ${SUITE_NAME}</arg>
</arguments>
<msg timestamp="20230708 14:45:48.970" level="INFO">Finishing RobotProject1.Test.TestSuite Smoke</msg>
<status status="PASS" starttime="20230708 14:45:48.969" endtime="20230708 14:45:48.970"></status>
</kw>
<status status="PASS" starttime="20230708 14:45:27.629" endtime="20230708 14:45:48.970"></status>
</suite>
<status status="PASS" starttime="20230708 14:45:27.624" endtime="20230708 14:45:48.976"></status>
</suite>
<status status="PASS" starttime="20230708 14:45:27.591" endtime="20230708 14:45:48.981"></status>
</suite>
<statistics>
<total>
<stat pass="6" fail="0">Critical Tests</stat>
<stat pass="6" fail="0">All Tests</stat>
</total>
<tag>
<stat pass="2" fail="0">Regression</stat>
<stat pass="1" fail="0">Sanity</stat>
<stat pass="4" fail="0">Smoke</stat>
</tag>
<suite>
<stat pass="6" fail="0" id="s1" name="RobotProject1">RobotProject1</stat>
<stat pass="6" fail="0" id="s1-s1" name="Test">RobotProject1.Test</stat>
<stat pass="6" fail="0" id="s1-s1-s1" name="TestSuite Smoke">RobotProject1.Test.TestSuite Smoke</stat>
</suite>
</statistics>
<errors>
</errors>
</robot>
